<?xml version="1.0" encoding="UTF-8"?>
<robot generator="Robot 7.0.1 (Python 3.12.4 on win32)" generated="2024-07-05T11:10:17.095952" rpa="false" schemaversion="5">
<suite id="s1" name="J-Mavs" source="C:\Users\Jepri\project\J-Mavs">
<suite id="s1-s1" name="Loyalty" source="C:\Users\Jepri\project\J-Mavs\loyalty">
<suite id="s1-s1-s1" name="Src" source="C:\Users\Jepri\project\J-Mavs\loyalty\src">
<suite id="s1-s1-s1-s1" name="Test" source="C:\Users\Jepri\project\J-Mavs\loyalty\src\test">
<suite id="s1-s1-s1-s1-s1" name="Ui" source="C:\Users\Jepri\project\J-Mavs\loyalty\src\test\ui">
<suite id="s1-s1-s1-s1-s1-s1" name="Web" source="C:\Users\Jepri\project\J-Mavs\loyalty\src\test\ui\web">
<suite id="s1-s1-s1-s1-s1-s1-s1" name="Dashboard Admin" source="C:\Users\Jepri\project\J-Mavs\loyalty\src\test\ui\web\dashboard_admin">
<suite id="s1-s1-s1-s1-s1-s1-s1-s1" name="Feature" source="C:\Users\Jepri\project\J-Mavs\loyalty\src\test\ui\web\dashboard_admin\feature">
<suite id="s1-s1-s1-s1-s1-s1-s1-s1-s1" name="History Transaction" source="C:\Users\Jepri\project\J-Mavs\loyalty\src\test\ui\web\dashboard_admin\feature\history_transaction">
<suite id="s1-s1-s1-s1-s1-s1-s1-s1-s1-s1" name="TestHistoryTransaction" source="C:\Users\Jepri\project\J-Mavs\loyalty\src\test\ui\web\dashboard_admin\feature\history_transaction\TestHistoryTransaction.robot">
<test id="s1-s1-s1-s1-s1-s1-s1-s1-s1-s1-t1" line="8">
<tag>HTET001</tag>
<status status="FAIL" start="2024-07-05T11:10:17.318918" elapsed="0.000000">Test name cannot be empty.</status>
</test>
<status status="FAIL" start="2024-07-05T11:10:17.147711" elapsed="0.171207"/>
</suite>
<status status="FAIL" start="2024-07-05T11:10:17.144718" elapsed="0.183570"/>
</suite>
<status status="FAIL" start="2024-07-05T11:10:17.142737" elapsed="0.189301"/>
</suite>
<status status="FAIL" start="2024-07-05T11:10:17.139732" elapsed="0.194303"/>
</suite>
<status status="FAIL" start="2024-07-05T11:10:17.136740" elapsed="0.198291"/>
</suite>
<status status="FAIL" start="2024-07-05T11:10:17.133755" elapsed="0.203271"/>
</suite>
<status status="FAIL" start="2024-07-05T11:10:17.129269" elapsed="0.208753"/>
</suite>
<status status="FAIL" start="2024-07-05T11:10:17.118876" elapsed="0.220144"/>
</suite>
<status status="FAIL" start="2024-07-05T11:10:17.118876" elapsed="0.222138"/>
</suite>
<status status="FAIL" start="2024-07-05T11:10:17.100004" elapsed="0.242008"/>
</suite>
<statistics>
<total>
<stat pass="0" fail="1" skip="0">All Tests</stat>
</total>
<tag>
<stat pass="0" fail="1" skip="0">HTET001</stat>
</tag>
<suite>
<stat pass="0" fail="1" skip="0" id="s1" name="J-Mavs">J-Mavs</stat>
<stat pass="0" fail="1" skip="0" id="s1-s1" name="Loyalty">J-Mavs.Loyalty</stat>
<stat pass="0" fail="1" skip="0" id="s1-s1-s1" name="Src">J-Mavs.Loyalty.Src</stat>
<stat pass="0" fail="1" skip="0" id="s1-s1-s1-s1" name="Test">J-Mavs.Loyalty.Src.Test</stat>
<stat pass="0" fail="1" skip="0" id="s1-s1-s1-s1-s1" name="Ui">J-Mavs.Loyalty.Src.Test.Ui</stat>
<stat pass="0" fail="1" skip="0" id="s1-s1-s1-s1-s1-s1" name="Web">J-Mavs.Loyalty.Src.Test.Ui.Web</stat>
<stat pass="0" fail="1" skip="0" id="s1-s1-s1-s1-s1-s1-s1" name="Dashboard Admin">J-Mavs.Loyalty.Src.Test.Ui.Web.Dashboard Admin</stat>
<stat pass="0" fail="1" skip="0" id="s1-s1-s1-s1-s1-s1-s1-s1" name="Feature">J-Mavs.Loyalty.Src.Test.Ui.Web.Dashboard Admin.Feature</stat>
<stat pass="0" fail="1" skip="0" id="s1-s1-s1-s1-s1-s1-s1-s1-s1" name="History Transaction">J-Mavs.Loyalty.Src.Test.Ui.Web.Dashboard Admin.Feature.History Transaction</stat>
<stat pass="0" fail="1" skip="0" id="s1-s1-s1-s1-s1-s1-s1-s1-s1-s1" name="TestHistoryTransaction">J-Mavs.Loyalty.Src.Test.Ui.Web.Dashboard Admin.Feature.History Transaction.TestHistoryTransaction</stat>
</suite>
</statistics>
<errors>
</errors>
</robot>
