<?xml version="1.0" encoding="UTF-8"?>
<robot generator="Robot 7.0 (Python 3.12.2 on win32)" generated="2024-06-24T16:33:25.643370" rpa="false" schemaversion="5">
<suite id="s1" name="J-Mavs" source="C:\Testing\J-Mavs">
<suite id="s1-s1" name="Asset Management" source="C:\Testing\J-Mavs\asset_management">
<suite id="s1-s1-s1" name="Src" source="C:\Testing\J-Mavs\asset_management\src">
<suite id="s1-s1-s1-s1" name="Tests" source="C:\Testing\J-Mavs\asset_management\src\tests">
<suite id="s1-s1-s1-s1-s1" name="Ui" source="C:\Testing\J-Mavs\asset_management\src\tests\ui">
<suite id="s1-s1-s1-s1-s1-s1" name="Web" source="C:\Testing\J-Mavs\asset_management\src\tests\ui\web">
<suite id="s1-s1-s1-s1-s1-s1-s1" name="Feature" source="C:\Testing\J-Mavs\asset_management\src\tests\ui\web\feature">
<suite id="s1-s1-s1-s1-s1-s1-s1-s1" name="Login" source="C:\Testing\J-Mavs\asset_management\src\tests\ui\web\feature\login">
<suite id="s1-s1-s1-s1-s1-s1-s1-s1-s1" name="TestLogin" source="C:\Testing\J-Mavs\asset_management\src\tests\ui\web\feature\login\TestLogin.robot">
<test id="s1-s1-s1-s1-s1-s1-s1-s1-s1-t1" name="AM-TC-41 Test login success" line="7">
<kw name="Prepare Environment" owner="Web" type="SETUP">
<kw name="Create Webdriver" owner="SeleniumLibrary">
<msg time="2024-06-24T16:33:25.830468" level="INFO">Creating an instance of the Chrome WebDriver.</msg>
<arg>Chrome</arg>
<doc>Creates an instance of Selenium WebDriver.</doc>
<status status="PASS" start="2024-06-24T16:33:25.830468" elapsed="3.433543"/>
</kw>
<status status="PASS" start="2024-06-24T16:33:25.830468" elapsed="3.433543"/>
</kw>
<kw name="Open Browser To Login Page" owner="Web">
<kw name="Go To" owner="SeleniumLibrary">
<msg time="2024-06-24T16:33:29.264011" level="INFO">Opening url 'https://james.jalin.co.id:8443/'</msg>
<arg>${LOGIN URL}</arg>
<doc>Navigates the current browser window to the provided ``url``.</doc>
<status status="PASS" start="2024-06-24T16:33:29.264011" elapsed="15.073670"/>
</kw>
<kw name="Maximize Browser Window" owner="SeleniumLibrary">
<doc>Maximizes current browser window.</doc>
<status status="PASS" start="2024-06-24T16:33:44.338420" elapsed="0.043491"/>
</kw>
<kw name="Wait Until Page Contains Element" owner="SeleniumLibrary">
<arg>${welcomePage}</arg>
<doc>Waits until the element ``locator`` appears on the current page.</doc>
<status status="PASS" start="2024-06-24T16:33:44.381911" elapsed="0.026623"/>
</kw>
<kw name="Element Text Should Be" owner="SeleniumLibrary">
<msg time="2024-06-24T16:33:44.408534" level="INFO">Verifying element '//h4[contains(text(),'Tools Asset Management')]' contains exact text 'Tools Asset Management'.</msg>
<arg>${welcomePage}</arg>
<arg>Tools Asset Management</arg>
<doc>Verifies that element ``locator`` contains exact the text ``expected``.</doc>
<status status="PASS" start="2024-06-24T16:33:44.408534" elapsed="0.047863"/>
</kw>
<status status="PASS" start="2024-06-24T16:33:29.264011" elapsed="15.192386"/>
</kw>
<kw name="Login success" owner="Web">
<kw name="Input Text" owner="SeleniumLibrary">
<msg time="2024-06-24T16:33:44.456397" level="INFO">Typing text 'admin.itops@jalin.co.id' into text field '//input[@id='control-hooks_username']'.</msg>
<arg>${userLogin}</arg>
<arg>${EMAIL}</arg>
<doc>Types the given ``text`` into the text field identified by ``locator``.</doc>
<status status="PASS" start="2024-06-24T16:33:44.456397" elapsed="0.348110"/>
</kw>
<kw name="Sleep" owner="BuiltIn">
<msg time="2024-06-24T16:33:45.807478" level="INFO">Slept 1 second.</msg>
<arg>1s</arg>
<doc>Pauses the test executed for the given time.</doc>
<status status="PASS" start="2024-06-24T16:33:44.805886" elapsed="1.003111"/>
</kw>
<kw name="Input Text" owner="SeleniumLibrary">
<msg time="2024-06-24T16:33:45.808997" level="INFO">Typing text 'password' into text field '//input[@id='control-hooks_password']'.</msg>
<arg>${passLogin}</arg>
<arg>${PASSWORD}</arg>
<doc>Types the given ``text`` into the text field identified by ``locator``.</doc>
<status status="PASS" start="2024-06-24T16:33:45.808997" elapsed="0.211541"/>
</kw>
<kw name="Sleep" owner="BuiltIn">
<msg time="2024-06-24T16:33:47.023432" level="INFO">Slept 1 second.</msg>
<arg>1s</arg>
<doc>Pauses the test executed for the given time.</doc>
<status status="PASS" start="2024-06-24T16:33:46.022495" elapsed="1.002566"/>
</kw>
<kw name="Click Button" owner="SeleniumLibrary">
<msg time="2024-06-24T16:33:47.025061" level="INFO">Clicking button '//*[@type='submit']'.</msg>
<arg>${loginButton}</arg>
<doc>Clicks the button identified by ``locator``.</doc>
<status status="PASS" start="2024-06-24T16:33:47.025061" elapsed="0.154988"/>
</kw>
<kw name="Wait Until Page Contains Element" owner="SeleniumLibrary">
<arg>${profileAdmin}</arg>
<doc>Waits until the element ``locator`` appears on the current page.</doc>
<status status="PASS" start="2024-06-24T16:33:47.180832" elapsed="0.900333"/>
</kw>
<kw name="Element Text Should Be" owner="SeleniumLibrary">
<msg time="2024-06-24T16:33:48.090197" level="INFO">Verifying element '//*[contains(text(),'Robby | User')]' contains exact text 'Robby | User'.</msg>
<arg>${profileAdmin}</arg>
<arg>Robby | User</arg>
<doc>Verifies that element ``locator`` contains exact the text ``expected``.</doc>
<status status="PASS" start="2024-06-24T16:33:48.089091" elapsed="0.032011"/>
</kw>
<kw name="Sleep" owner="BuiltIn">
<msg time="2024-06-24T16:33:49.121590" level="INFO">Slept 1 second.</msg>
<arg>1s</arg>
<doc>Pauses the test executed for the given time.</doc>
<status status="PASS" start="2024-06-24T16:33:48.121102" elapsed="1.000488"/>
</kw>
<status status="PASS" start="2024-06-24T16:33:44.456397" elapsed="4.665193"/>
</kw>
<doc>As a user admin success login to applications</doc>
<tag>AM-TC-41</tag>
<tag>Login</tag>
<status status="PASS" start="2024-06-24T16:33:25.830468" elapsed="23.293611"/>
</test>
<status status="PASS" start="2024-06-24T16:33:25.707458" elapsed="23.421105"/>
</suite>
<status status="PASS" start="2024-06-24T16:33:25.701057" elapsed="23.427506"/>
</suite>
<status status="PASS" start="2024-06-24T16:33:25.701057" elapsed="23.437970"/>
</suite>
<status status="PASS" start="2024-06-24T16:33:25.696536" elapsed="23.445652"/>
</suite>
<status status="PASS" start="2024-06-24T16:33:25.692233" elapsed="23.453560"/>
</suite>
<status status="PASS" start="2024-06-24T16:33:25.692233" elapsed="23.463413"/>
</suite>
<status status="PASS" start="2024-06-24T16:33:25.690109" elapsed="23.467865"/>
</suite>
<status status="PASS" start="2024-06-24T16:33:25.678380" elapsed="23.481388"/>
</suite>
<status status="PASS" start="2024-06-24T16:33:25.665109" elapsed="23.504693"/>
</suite>
<statistics>
<total>
<stat pass="1" fail="0" skip="0">All Tests</stat>
</total>
<tag>
<stat pass="1" fail="0" skip="0">AM-TC-41</stat>
<stat pass="1" fail="0" skip="0">Login</stat>
</tag>
<suite>
<stat pass="1" fail="0" skip="0" id="s1" name="J-Mavs">J-Mavs</stat>
<stat pass="1" fail="0" skip="0" id="s1-s1" name="Asset Management">J-Mavs.Asset Management</stat>
<stat pass="1" fail="0" skip="0" id="s1-s1-s1" name="Src">J-Mavs.Asset Management.Src</stat>
<stat pass="1" fail="0" skip="0" id="s1-s1-s1-s1" name="Tests">J-Mavs.Asset Management.Src.Tests</stat>
<stat pass="1" fail="0" skip="0" id="s1-s1-s1-s1-s1" name="Ui">J-Mavs.Asset Management.Src.Tests.Ui</stat>
<stat pass="1" fail="0" skip="0" id="s1-s1-s1-s1-s1-s1" name="Web">J-Mavs.Asset Management.Src.Tests.Ui.Web</stat>
<stat pass="1" fail="0" skip="0" id="s1-s1-s1-s1-s1-s1-s1" name="Feature">J-Mavs.Asset Management.Src.Tests.Ui.Web.Feature</stat>
<stat pass="1" fail="0" skip="0" id="s1-s1-s1-s1-s1-s1-s1-s1" name="Login">J-Mavs.Asset Management.Src.Tests.Ui.Web.Feature.Login</stat>
<stat pass="1" fail="0" skip="0" id="s1-s1-s1-s1-s1-s1-s1-s1-s1" name="TestLogin">J-Mavs.Asset Management.Src.Tests.Ui.Web.Feature.Login.TestLogin</stat>
</suite>
</statistics>
<errors>
</errors>
</robot>
