<?xml version="1.0" encoding="UTF-8"?>
<robot generator="Robot 7.0 (Python 3.12.2 on win32)" generated="2024-06-28T08:29:18.276081" rpa="false" schemaversion="5">
<suite id="s1" name="J-Mavs" source="C:\Testing\J-Mavs">
<suite id="s1-s1" name="Asset Management" source="C:\Testing\J-Mavs\asset_management">
<suite id="s1-s1-s1" name="Src" source="C:\Testing\J-Mavs\asset_management\src">
<suite id="s1-s1-s1-s1" name="Tests" source="C:\Testing\J-Mavs\asset_management\src\tests">
<suite id="s1-s1-s1-s1-s1" name="Ui" source="C:\Testing\J-Mavs\asset_management\src\tests\ui">
<suite id="s1-s1-s1-s1-s1-s1" name="Web" source="C:\Testing\J-Mavs\asset_management\src\tests\ui\web">
<suite id="s1-s1-s1-s1-s1-s1-s1" name="Feature" source="C:\Testing\J-Mavs\asset_management\src\tests\ui\web\feature">
<suite id="s1-s1-s1-s1-s1-s1-s1-s1" name="Daftar Asset" source="C:\Testing\J-Mavs\asset_management\src\tests\ui\web\feature\daftar_asset">
<suite id="s1-s1-s1-s1-s1-s1-s1-s1-s1" name="TestDaftarAsset" source="C:\Testing\J-Mavs\asset_management\src\tests\ui\web\feature\daftar_asset\TestDaftarAsset.robot">
<test id="s1-s1-s1-s1-s1-s1-s1-s1-s1-t1" name="Test validation search data via Cari field base on Asset" line="35">
<kw name="Prepare Environment" owner="Web" type="SETUP">
<kw name="Create Webdriver" owner="SeleniumLibrary">
<msg time="2024-06-28T08:29:18.524733" level="INFO">Creating an instance of the Chrome WebDriver.</msg>
<arg>Chrome</arg>
<doc>Creates an instance of Selenium WebDriver.</doc>
<status status="PASS" start="2024-06-28T08:29:18.524733" elapsed="1.893931"/>
</kw>
<status status="PASS" start="2024-06-28T08:29:18.524733" elapsed="1.900437"/>
</kw>
<kw name="Open Browser To Login Page" owner="Web">
<kw name="Go To" owner="SeleniumLibrary">
<msg time="2024-06-28T08:29:20.427236" level="INFO">Opening url 'http://james-dev.jalin.co.id:443/login'</msg>
<arg>${DEV_URL}</arg>
<doc>Navigates the current browser window to the provided ``url``.</doc>
<status status="PASS" start="2024-06-28T08:29:20.426179" elapsed="18.777987"/>
</kw>
<kw name="Maximize Browser Window" owner="SeleniumLibrary">
<doc>Maximizes current browser window.</doc>
<status status="PASS" start="2024-06-28T08:29:39.204166" elapsed="0.065473"/>
</kw>
<kw name="Wait Until Page Contains Element" owner="SeleniumLibrary">
<arg>${welcomePage}</arg>
<doc>Waits until the element ``locator`` appears on the current page.</doc>
<status status="PASS" start="2024-06-28T08:29:39.269639" elapsed="0.057624"/>
</kw>
<kw name="Element Text Should Be" owner="SeleniumLibrary">
<msg time="2024-06-28T08:29:39.332984" level="INFO">Verifying element '//h4[contains(text(),'Tools Asset Management')]' contains exact text 'Tools Asset Management'.</msg>
<arg>${welcomePage}</arg>
<arg>Tools Asset Management</arg>
<doc>Verifies that element ``locator`` contains exact the text ``expected``.</doc>
<status status="PASS" start="2024-06-28T08:29:39.332984" elapsed="0.055945"/>
</kw>
<status status="PASS" start="2024-06-28T08:29:20.426179" elapsed="18.962750"/>
</kw>
<kw name="Login success" owner="Web">
<kw name="Input Text" owner="SeleniumLibrary">
<msg time="2024-06-28T08:29:39.404591" level="INFO">Typing text 'admin.itops@jalin.co.id' into text field '//input[@id='control-hooks_username']'.</msg>
<arg>${userLogin}</arg>
<arg>${ADMIN_OPS}</arg>
<doc>Types the given ``text`` into the text field identified by ``locator``.</doc>
<status status="PASS" start="2024-06-28T08:29:39.404591" elapsed="0.482348"/>
</kw>
<kw name="Sleep" owner="BuiltIn">
<msg time="2024-06-28T08:29:40.888789" level="INFO">Slept 1 second.</msg>
<arg>1s</arg>
<doc>Pauses the test executed for the given time.</doc>
<status status="PASS" start="2024-06-28T08:29:39.888041" elapsed="1.000748"/>
</kw>
<kw name="Input Text" owner="SeleniumLibrary">
<msg time="2024-06-28T08:29:40.888789" level="INFO">Typing text 'password' into text field '//input[@id='control-hooks_password']'.</msg>
<arg>${passLogin}</arg>
<arg>${PASSWORD}</arg>
<doc>Types the given ``text`` into the text field identified by ``locator``.</doc>
<status status="PASS" start="2024-06-28T08:29:40.888789" elapsed="0.273533"/>
</kw>
<kw name="Sleep" owner="BuiltIn">
<msg time="2024-06-28T08:29:42.178635" level="INFO">Slept 1 second.</msg>
<arg>1s</arg>
<doc>Pauses the test executed for the given time.</doc>
<status status="PASS" start="2024-06-28T08:29:41.162322" elapsed="1.016313"/>
</kw>
<kw name="Click Button" owner="SeleniumLibrary">
<msg time="2024-06-28T08:29:42.180763" level="INFO">Clicking button '//*[@type='submit']'.</msg>
<arg>${loginButton}</arg>
<doc>Clicks the button identified by ``locator``.</doc>
<status status="PASS" start="2024-06-28T08:29:42.178635" elapsed="0.237502"/>
</kw>
<kw name="Wait Until Page Contains Element" owner="SeleniumLibrary">
<arg>${profileAdmin}</arg>
<doc>Waits until the element ``locator`` appears on the current page.</doc>
<status status="PASS" start="2024-06-28T08:29:42.416878" elapsed="1.623023"/>
</kw>
<kw name="Element Text Should Be" owner="SeleniumLibrary">
<msg time="2024-06-28T08:29:44.039901" level="INFO">Verifying element '//*[contains(text(),'Robby | User')]' contains exact text 'Robby | User'.</msg>
<arg>${profileAdmin}</arg>
<arg>Robby | User</arg>
<doc>Verifies that element ``locator`` contains exact the text ``expected``.</doc>
<status status="PASS" start="2024-06-28T08:29:44.039901" elapsed="0.038266"/>
</kw>
<kw name="Sleep" owner="BuiltIn">
<msg time="2024-06-28T08:29:45.079623" level="INFO">Slept 1 second.</msg>
<arg>1s</arg>
<doc>Pauses the test executed for the given time.</doc>
<status status="PASS" start="2024-06-28T08:29:44.078758" elapsed="1.000865"/>
</kw>
<status status="PASS" start="2024-06-28T08:29:39.388929" elapsed="5.690694"/>
</kw>
<kw name="Validation field Cari base on Asset" owner="Daftar">
<kw name="Click Element" owner="SeleniumLibrary">
<msg time="2024-06-28T08:29:45.083635" level="INFO">Clicking element '//*[@role='menuitem' and @path='/daftar-asset']'.</msg>
<arg>${daftarAssetMenu}</arg>
<doc>Click the element identified by ``locator``.</doc>
<status status="PASS" start="2024-06-28T08:29:45.079623" elapsed="0.170411"/>
</kw>
<kw name="Sleep" owner="BuiltIn">
<msg time="2024-06-28T08:29:46.250580" level="INFO">Slept 1 second.</msg>
<arg>1s</arg>
<doc>Pauses the test executed for the given time.</doc>
<status status="PASS" start="2024-06-28T08:29:45.250034" elapsed="1.000546"/>
</kw>
<kw name="Wait Until Element Is Visible" owner="SeleniumLibrary">
<arg>${daftarFieldTable}</arg>
<arg>3s</arg>
<doc>Waits until the element ``locator`` is visible.</doc>
<status status="PASS" start="2024-06-28T08:29:46.250580" elapsed="0.056517"/>
</kw>
<kw name="Element Text Should Be" owner="SeleniumLibrary">
<msg time="2024-06-28T08:29:46.309276" level="INFO">Verifying element '//*[@class='ant-table-cell ant-table-column-has-sorters'][1]//*[contains(text(),'Asset')]' contains exact text 'Asset'.</msg>
<arg>${daftarFieldAsset}</arg>
<arg>Asset</arg>
<doc>Verifies that element ``locator`` contains exact the text ``expected``.</doc>
<status status="PASS" start="2024-06-28T08:29:46.308070" elapsed="0.046344"/>
</kw>
<kw name="Input Text" owner="SeleniumLibrary">
<msg time="2024-06-28T08:29:46.356268" level="INFO">Typing text 'monitor' into text field '//input[@placeholder='Cari...']'.</msg>
<arg>${daftarCariField}</arg>
<arg>monitor</arg>
<doc>Types the given ``text`` into the text field identified by ``locator``.</doc>
<status status="PASS" start="2024-06-28T08:29:46.354414" elapsed="0.388706"/>
</kw>
<kw name="Sleep" owner="BuiltIn">
<msg time="2024-06-28T08:29:47.743508" level="INFO">Slept 1 second.</msg>
<arg>1s</arg>
<doc>Pauses the test executed for the given time.</doc>
<status status="PASS" start="2024-06-28T08:29:46.743120" elapsed="1.000388"/>
</kw>
<kw name="Element Should Be Visible" owner="SeleniumLibrary">
<msg time="2024-06-28T08:29:48.012493" level="INFO" html="true">&lt;/td&gt;&lt;/tr&gt;&lt;tr&gt;&lt;td colspan="3"&gt;&lt;a href="selenium-screenshot-1.png"&gt;&lt;img src="selenium-screenshot-1.png" width="800px"&gt;&lt;/a&gt;</msg>
<msg time="2024-06-28T08:29:48.012493" level="FAIL">Element with locator '//*[@class='ant-table-row ant-table-row-level-0'][1]//*[contains(text(),'Monitor 24')]' not found.</msg>
<arg>${daftarCariAsset}</arg>
<arg>3s</arg>
<doc>Verifies that the element identified by ``locator`` is visible.</doc>
<status status="FAIL" start="2024-06-28T08:29:47.745052" elapsed="0.276390">Element with locator '//*[@class='ant-table-row ant-table-row-level-0'][1]//*[contains(text(),'Monitor 24')]' not found.</status>
</kw>
<kw name="Element Should Contain" owner="SeleniumLibrary">
<arg>${daftarCariAsset}</arg>
<arg>Monitor 24</arg>
<doc>Verifies that element ``locator`` contains text ``expected``.</doc>
<status status="NOT RUN" start="2024-06-28T08:29:48.021442" elapsed="0.000000"/>
</kw>
<kw name="Sleep" owner="BuiltIn">
<arg>1s</arg>
<doc>Pauses the test executed for the given time.</doc>
<status status="NOT RUN" start="2024-06-28T08:29:48.021442" elapsed="0.000000"/>
</kw>
<kw name="Close Browser" owner="SeleniumLibrary">
<doc>Closes the current browser.</doc>
<status status="NOT RUN" start="2024-06-28T08:29:48.021442" elapsed="0.000000"/>
</kw>
<status status="FAIL" start="2024-06-28T08:29:45.079623" elapsed="2.941819">Element with locator '//*[@class='ant-table-row ant-table-row-level-0'][1]//*[contains(text(),'Monitor 24')]' not found.</status>
</kw>
<doc>As a user able to Cari data base on Asset</doc>
<tag>Daftar Asset</tag>
<status status="FAIL" start="2024-06-28T08:29:18.524733" elapsed="29.496709">Element with locator '//*[@class='ant-table-row ant-table-row-level-0'][1]//*[contains(text(),'Monitor 24')]' not found.</status>
</test>
<status status="FAIL" start="2024-06-28T08:29:18.330814" elapsed="29.690628"/>
</suite>
<status status="FAIL" start="2024-06-28T08:29:18.328666" elapsed="29.707885"/>
</suite>
<status status="FAIL" start="2024-06-28T08:29:18.325683" elapsed="29.715848"/>
</suite>
<status status="FAIL" start="2024-06-28T08:29:18.318212" elapsed="29.727296"/>
</suite>
<status status="FAIL" start="2024-06-28T08:29:18.318212" elapsed="29.731040"/>
</suite>
<status status="FAIL" start="2024-06-28T08:29:18.311655" elapsed="29.743133"/>
</suite>
<status status="FAIL" start="2024-06-28T08:29:18.311655" elapsed="29.743133"/>
</suite>
<status status="FAIL" start="2024-06-28T08:29:18.300620" elapsed="29.759052"/>
</suite>
<status status="FAIL" start="2024-06-28T08:29:18.285349" elapsed="29.782355"/>
</suite>
<statistics>
<total>
<stat pass="0" fail="1" skip="0">All Tests</stat>
</total>
<tag>
<stat pass="0" fail="1" skip="0">Daftar Asset</stat>
</tag>
<suite>
<stat pass="0" fail="1" skip="0" id="s1" name="J-Mavs">J-Mavs</stat>
<stat pass="0" fail="1" skip="0" id="s1-s1" name="Asset Management">J-Mavs.Asset Management</stat>
<stat pass="0" fail="1" skip="0" id="s1-s1-s1" name="Src">J-Mavs.Asset Management.Src</stat>
<stat pass="0" fail="1" skip="0" id="s1-s1-s1-s1" name="Tests">J-Mavs.Asset Management.Src.Tests</stat>
<stat pass="0" fail="1" skip="0" id="s1-s1-s1-s1-s1" name="Ui">J-Mavs.Asset Management.Src.Tests.Ui</stat>
<stat pass="0" fail="1" skip="0" id="s1-s1-s1-s1-s1-s1" name="Web">J-Mavs.Asset Management.Src.Tests.Ui.Web</stat>
<stat pass="0" fail="1" skip="0" id="s1-s1-s1-s1-s1-s1-s1" name="Feature">J-Mavs.Asset Management.Src.Tests.Ui.Web.Feature</stat>
<stat pass="0" fail="1" skip="0" id="s1-s1-s1-s1-s1-s1-s1-s1" name="Daftar Asset">J-Mavs.Asset Management.Src.Tests.Ui.Web.Feature.Daftar Asset</stat>
<stat pass="0" fail="1" skip="0" id="s1-s1-s1-s1-s1-s1-s1-s1-s1" name="TestDaftarAsset">J-Mavs.Asset Management.Src.Tests.Ui.Web.Feature.Daftar Asset.TestDaftarAsset</stat>
</suite>
</statistics>
<errors>
</errors>
</robot>
