<?xml version="1.0" encoding="UTF-8"?>
<robot generator="Robot 7.0 (Python 3.12.2 on win32)" generated="2024-08-29T16:05:04.477249" rpa="false" schemaversion="5">
<suite id="s1" name="J-Mavs" source="C:\Testing\J-Mavs">
<suite id="s1-s1" name="Asset Management" source="C:\Testing\J-Mavs\asset_management">
<suite id="s1-s1-s1" name="Src" source="C:\Testing\J-Mavs\asset_management\src">
<suite id="s1-s1-s1-s1" name="Tests" source="C:\Testing\J-Mavs\asset_management\src\tests">
<suite id="s1-s1-s1-s1-s1" name="Ui" source="C:\Testing\J-Mavs\asset_management\src\tests\ui">
<suite id="s1-s1-s1-s1-s1-s1" name="Web" source="C:\Testing\J-Mavs\asset_management\src\tests\ui\web">
<suite id="s1-s1-s1-s1-s1-s1-s1" name="Feature" source="C:\Testing\J-Mavs\asset_management\src\tests\ui\web\feature">
<suite id="s1-s1-s1-s1-s1-s1-s1-s1" name="Login" source="C:\Testing\J-Mavs\asset_management\src\tests\ui\web\feature\login">
<suite id="s1-s1-s1-s1-s1-s1-s1-s1-s1" name="TestLogin" source="C:\Testing\J-Mavs\asset_management\src\tests\ui\web\feature\login\TestLogin.robot">
<test id="s1-s1-s1-s1-s1-s1-s1-s1-s1-t1" name="AM-TC-41 Test login success" line="7">
<kw name="Prepare Environment" owner="Web" type="SETUP">
<kw name="Create Webdriver" owner="SeleniumLibrary">
<msg time="2024-08-29T16:05:04.660021" level="INFO">Creating an instance of the Chrome WebDriver.</msg>
<arg>Chrome</arg>
<doc>Creates an instance of Selenium WebDriver.</doc>
<status status="PASS" start="2024-08-29T16:05:04.660021" elapsed="1.625405"/>
</kw>
<status status="PASS" start="2024-08-29T16:05:04.660021" elapsed="1.625405"/>
</kw>
<kw name="Open Browser To Login Page" owner="Web">
<kw name="Go To" owner="SeleniumLibrary">
<msg time="2024-08-29T16:05:06.287422" level="INFO">Opening url 'http://james-dev.jalin.co.id:443/login'</msg>
<arg>${DEV_URL}</arg>
<doc>Navigates the current browser window to the provided ``url``.</doc>
<status status="PASS" start="2024-08-29T16:05:06.286421" elapsed="4.400074"/>
</kw>
<kw name="Maximize Browser Window" owner="SeleniumLibrary">
<doc>Maximizes current browser window.</doc>
<status status="PASS" start="2024-08-29T16:05:10.686495" elapsed="0.040377"/>
</kw>
<kw name="Wait Until Page Contains Element" owner="SeleniumLibrary">
<arg>${welcomePage}</arg>
<doc>Waits until the element ``locator`` appears on the current page.</doc>
<status status="PASS" start="2024-08-29T16:05:10.728976" elapsed="0.028587"/>
</kw>
<kw name="Element Text Should Be" owner="SeleniumLibrary">
<msg time="2024-08-29T16:05:10.758595" level="INFO">Verifying element '//h4[contains(text(),'Tools Asset Management')]' contains exact text 'Tools Asset Management'.</msg>
<arg>${welcomePage}</arg>
<arg>Tools Asset Management</arg>
<doc>Verifies that element ``locator`` contains exact the text ``expected``.</doc>
<status status="PASS" start="2024-08-29T16:05:10.757563" elapsed="0.042373"/>
</kw>
<status status="PASS" start="2024-08-29T16:05:06.286421" elapsed="4.513515"/>
</kw>
<kw name="Login success" owner="Web">
<kw name="Input Text" owner="SeleniumLibrary">
<msg time="2024-08-29T16:05:10.802098" level="INFO">Typing text 'admin.itops@jalin.co.id' into text field '//input[@id='control-hooks_username']'.</msg>
<arg>${userLogin}</arg>
<arg>${ADMIN_OPS}</arg>
<doc>Types the given ``text`` into the text field identified by ``locator``.</doc>
<status status="PASS" start="2024-08-29T16:05:10.801593" elapsed="0.471794"/>
</kw>
<kw name="Sleep" owner="BuiltIn">
<msg time="2024-08-29T16:05:12.273609" level="INFO">Slept 1 second.</msg>
<arg>1s</arg>
<doc>Pauses the test executed for the given time.</doc>
<status status="PASS" start="2024-08-29T16:05:11.273387" elapsed="1.000222"/>
</kw>
<kw name="Input Text" owner="SeleniumLibrary">
<msg time="2024-08-29T16:05:12.273609" level="INFO">Typing text 'password' into text field '//input[@id='control-hooks_password']'.</msg>
<arg>${passLogin}</arg>
<arg>${PASSWORD}</arg>
<doc>Types the given ``text`` into the text field identified by ``locator``.</doc>
<status status="PASS" start="2024-08-29T16:05:12.273609" elapsed="0.142185"/>
</kw>
<kw name="Sleep" owner="BuiltIn">
<msg time="2024-08-29T16:05:13.416840" level="INFO">Slept 1 second.</msg>
<arg>1s</arg>
<doc>Pauses the test executed for the given time.</doc>
<status status="PASS" start="2024-08-29T16:05:12.415794" elapsed="1.001046"/>
</kw>
<kw name="Click Button" owner="SeleniumLibrary">
<msg time="2024-08-29T16:05:13.416840" level="INFO">Clicking button '//*[@type='submit']'.</msg>
<arg>${loginButton}</arg>
<doc>Clicks the button identified by ``locator``.</doc>
<status status="PASS" start="2024-08-29T16:05:13.416840" elapsed="0.133416"/>
</kw>
<kw name="Wait Until Page Contains Element" owner="SeleniumLibrary">
<arg>${profileAdmin}</arg>
<doc>Waits until the element ``locator`` appears on the current page.</doc>
<status status="PASS" start="2024-08-29T16:05:13.550256" elapsed="0.888311"/>
</kw>
<kw name="Element Text Should Be" owner="SeleniumLibrary">
<msg time="2024-08-29T16:05:14.445118" level="INFO">Verifying element '//*[contains(text(),'Robby | User')]' contains exact text 'Robby | User'.</msg>
<arg>${profileAdmin}</arg>
<arg>Robby | User</arg>
<doc>Verifies that element ``locator`` contains exact the text ``expected``.</doc>
<status status="PASS" start="2024-08-29T16:05:14.438567" elapsed="0.037839"/>
</kw>
<kw name="Sleep" owner="BuiltIn">
<msg time="2024-08-29T16:05:15.477070" level="INFO">Slept 1 second.</msg>
<arg>1s</arg>
<doc>Pauses the test executed for the given time.</doc>
<status status="PASS" start="2024-08-29T16:05:14.476406" elapsed="1.000664"/>
</kw>
<kw name="Close Browser" owner="SeleniumLibrary">
<doc>Closes the current browser.</doc>
<status status="PASS" start="2024-08-29T16:05:15.477070" elapsed="2.783874"/>
</kw>
<status status="PASS" start="2024-08-29T16:05:10.800467" elapsed="7.460477"/>
</kw>
<doc>As a user admin success login to applications</doc>
<tag>AM-TC-41</tag>
<tag>Login</tag>
<status status="PASS" start="2024-08-29T16:05:04.660021" elapsed="13.601933"/>
</test>
<status status="PASS" start="2024-08-29T16:05:04.523429" elapsed="13.738525"/>
</suite>
<status status="PASS" start="2024-08-29T16:05:04.520531" elapsed="13.744594"/>
</suite>
<status status="PASS" start="2024-08-29T16:05:04.516125" elapsed="13.751805"/>
</suite>
<status status="PASS" start="2024-08-29T16:05:04.513126" elapsed="13.754804"/>
</suite>
<status status="PASS" start="2024-08-29T16:05:04.510127" elapsed="13.757803"/>
</suite>
<status status="PASS" start="2024-08-29T16:05:04.505384" elapsed="13.767097"/>
</suite>
<status status="PASS" start="2024-08-29T16:05:04.502872" elapsed="13.772904"/>
</suite>
<status status="PASS" start="2024-08-29T16:05:04.501723" elapsed="13.776238"/>
</suite>
<status status="PASS" start="2024-08-29T16:05:04.477249" elapsed="13.802407"/>
</suite>
<statistics>
<total>
<stat pass="1" fail="0" skip="0">All Tests</stat>
</total>
<tag>
<stat pass="1" fail="0" skip="0">AM-TC-41</stat>
<stat pass="1" fail="0" skip="0">Login</stat>
</tag>
<suite>
<stat pass="1" fail="0" skip="0" id="s1" name="J-Mavs">J-Mavs</stat>
<stat pass="1" fail="0" skip="0" id="s1-s1" name="Asset Management">J-Mavs.Asset Management</stat>
<stat pass="1" fail="0" skip="0" id="s1-s1-s1" name="Src">J-Mavs.Asset Management.Src</stat>
<stat pass="1" fail="0" skip="0" id="s1-s1-s1-s1" name="Tests">J-Mavs.Asset Management.Src.Tests</stat>
<stat pass="1" fail="0" skip="0" id="s1-s1-s1-s1-s1" name="Ui">J-Mavs.Asset Management.Src.Tests.Ui</stat>
<stat pass="1" fail="0" skip="0" id="s1-s1-s1-s1-s1-s1" name="Web">J-Mavs.Asset Management.Src.Tests.Ui.Web</stat>
<stat pass="1" fail="0" skip="0" id="s1-s1-s1-s1-s1-s1-s1" name="Feature">J-Mavs.Asset Management.Src.Tests.Ui.Web.Feature</stat>
<stat pass="1" fail="0" skip="0" id="s1-s1-s1-s1-s1-s1-s1-s1" name="Login">J-Mavs.Asset Management.Src.Tests.Ui.Web.Feature.Login</stat>
<stat pass="1" fail="0" skip="0" id="s1-s1-s1-s1-s1-s1-s1-s1-s1" name="TestLogin">J-Mavs.Asset Management.Src.Tests.Ui.Web.Feature.Login.TestLogin</stat>
</suite>
</statistics>
<errors>
</errors>
</robot>
