<?xml version="1.0" encoding="UTF-8"?>
<robot generator="Robot 7.0 (Python 3.12.2 on win32)" generated="2024-06-10T16:29:13.812907" rpa="false" schemaversion="5">
<suite id="s1" name="J-Mavs" source="C:\Testing\J-Mavs">
<suite id="s1-s1" name="Asset Management" source="C:\Testing\J-Mavs\asset_management">
<suite id="s1-s1-s1" name="Src" source="C:\Testing\J-Mavs\asset_management\src">
<suite id="s1-s1-s1-s1" name="Tests" source="C:\Testing\J-Mavs\asset_management\src\tests">
<suite id="s1-s1-s1-s1-s1" name="Ui" source="C:\Testing\J-Mavs\asset_management\src\tests\ui">
<suite id="s1-s1-s1-s1-s1-s1" name="Web" source="C:\Testing\J-Mavs\asset_management\src\tests\ui\web">
<suite id="s1-s1-s1-s1-s1-s1-s1" name="Feature" source="C:\Testing\J-Mavs\asset_management\src\tests\ui\web\feature">
<suite id="s1-s1-s1-s1-s1-s1-s1-s1" name="Registration Asset" source="C:\Testing\J-Mavs\asset_management\src\tests\ui\web\feature\registration_asset">
<suite id="s1-s1-s1-s1-s1-s1-s1-s1-s1" name="TestRegistrationAsset" source="C:\Testing\J-Mavs\asset_management\src\tests\ui\web\feature\registration_asset\TestRegistrationAsset.robot">
<test id="s1-s1-s1-s1-s1-s1-s1-s1-s1-t1" name="Test Validation click one icon button" line="119">
<kw name="Prepare Environment" owner="Web" type="SETUP">
<kw name="Create Webdriver" owner="SeleniumLibrary">
<msg time="2024-06-10T16:29:13.990586" level="INFO">Creating an instance of the Chrome WebDriver.</msg>
<arg>Chrome</arg>
<doc>Creates an instance of Selenium WebDriver.</doc>
<status status="PASS" start="2024-06-10T16:29:13.990586" elapsed="1.465916"/>
</kw>
<status status="PASS" start="2024-06-10T16:29:13.983078" elapsed="1.473424"/>
</kw>
<kw name="Open Browser To Login Page" owner="Web">
<kw name="Go To" owner="SeleniumLibrary">
<msg time="2024-06-10T16:29:15.458092" level="INFO">Opening url 'https://james.jalin.co.id:8443/'</msg>
<arg>${LOGIN URL}</arg>
<doc>Navigates the current browser window to the provided ``url``.</doc>
<status status="PASS" start="2024-06-10T16:29:15.457569" elapsed="7.931801"/>
</kw>
<kw name="Maximize Browser Window" owner="SeleniumLibrary">
<doc>Maximizes current browser window.</doc>
<status status="PASS" start="2024-06-10T16:29:23.389370" elapsed="0.044230"/>
</kw>
<kw name="Wait Until Page Contains Element" owner="SeleniumLibrary">
<arg>${welcomePage}</arg>
<doc>Waits until the element ``locator`` appears on the current page.</doc>
<status status="PASS" start="2024-06-10T16:29:23.433600" elapsed="0.013909"/>
</kw>
<kw name="Element Text Should Be" owner="SeleniumLibrary">
<msg time="2024-06-10T16:29:23.448392" level="INFO">Verifying element '//h4[contains(text(),'Tools Asset Management')]' contains exact text 'Tools Asset Management'.</msg>
<arg>${welcomePage}</arg>
<arg>Tools Asset Management</arg>
<doc>Verifies that element ``locator`` contains exact the text ``expected``.</doc>
<status status="PASS" start="2024-06-10T16:29:23.448043" elapsed="0.024419"/>
</kw>
<status status="PASS" start="2024-06-10T16:29:15.457037" elapsed="8.015425"/>
</kw>
<kw name="Login success" owner="Web">
<kw name="Input Text" owner="SeleniumLibrary">
<msg time="2024-06-10T16:29:23.474468" level="INFO">Typing text 'admin.itops@jalin.co.id' into text field '//input[@id='control-hooks_username']'.</msg>
<arg>${userLogin}</arg>
<arg>${EMAIL}</arg>
<doc>Types the given ``text`` into the text field identified by ``locator``.</doc>
<status status="PASS" start="2024-06-10T16:29:23.473464" elapsed="0.187230"/>
</kw>
<kw name="Sleep" owner="BuiltIn">
<msg time="2024-06-10T16:29:24.661526" level="INFO">Slept 1 second.</msg>
<arg>1s</arg>
<doc>Pauses the test executed for the given time.</doc>
<status status="PASS" start="2024-06-10T16:29:23.660694" elapsed="1.000832"/>
</kw>
<kw name="Input Text" owner="SeleniumLibrary">
<msg time="2024-06-10T16:29:24.661526" level="INFO">Typing text 'password' into text field '//input[@id='control-hooks_password']'.</msg>
<arg>${passLogin}</arg>
<arg>${PASSWORD}</arg>
<doc>Types the given ``text`` into the text field identified by ``locator``.</doc>
<status status="PASS" start="2024-06-10T16:29:24.661526" elapsed="0.098443"/>
</kw>
<kw name="Sleep" owner="BuiltIn">
<msg time="2024-06-10T16:29:25.761701" level="INFO">Slept 1 second.</msg>
<arg>1s</arg>
<doc>Pauses the test executed for the given time.</doc>
<status status="PASS" start="2024-06-10T16:29:24.759969" elapsed="1.002765"/>
</kw>
<kw name="Click Button" owner="SeleniumLibrary">
<msg time="2024-06-10T16:29:25.765704" level="INFO">Clicking button '//*[@type='submit']'.</msg>
<arg>${loginButton}</arg>
<doc>Clicks the button identified by ``locator``.</doc>
<status status="PASS" start="2024-06-10T16:29:25.762734" elapsed="0.110333"/>
</kw>
<kw name="Wait Until Page Contains Element" owner="SeleniumLibrary">
<arg>${profileAdmin}</arg>
<doc>Waits until the element ``locator`` appears on the current page.</doc>
<status status="PASS" start="2024-06-10T16:29:25.873067" elapsed="0.866092"/>
</kw>
<kw name="Element Text Should Be" owner="SeleniumLibrary">
<msg time="2024-06-10T16:29:26.740161" level="INFO">Verifying element '//*[contains(text(),'Robby | User')]' contains exact text 'Robby | User'.</msg>
<arg>${profileAdmin}</arg>
<arg>Robby | User</arg>
<doc>Verifies that element ``locator`` contains exact the text ``expected``.</doc>
<status status="PASS" start="2024-06-10T16:29:26.740161" elapsed="0.010033"/>
</kw>
<kw name="Sleep" owner="BuiltIn">
<msg time="2024-06-10T16:29:27.750901" level="INFO">Slept 1 second.</msg>
<arg>1s</arg>
<doc>Pauses the test executed for the given time.</doc>
<status status="PASS" start="2024-06-10T16:29:26.750194" elapsed="1.000707"/>
</kw>
<status status="PASS" start="2024-06-10T16:29:23.473464" elapsed="4.277437"/>
</kw>
<kw name="Validation next page with click one button in pagination" owner="Registration">
<kw name="Wait Until Element Is Visible" owner="SeleniumLibrary">
<arg>${regPagination}</arg>
<arg>5s</arg>
<doc>Waits until the element ``locator`` is visible.</doc>
<status status="PASS" start="2024-06-10T16:29:27.750901" elapsed="0.755602"/>
</kw>
<kw name="Click Element" owner="SeleniumLibrary">
<msg time="2024-06-10T16:29:28.506503" level="INFO">Clicking element '//*[@class='ant-pagination-item ant-pagination-item-2']'.</msg>
<arg>${regTwoButtonPage}</arg>
<doc>Click the element identified by ``locator``.</doc>
<status status="PASS" start="2024-06-10T16:29:28.506503" elapsed="0.092567"/>
</kw>
<kw name="Sleep" owner="BuiltIn">
<msg time="2024-06-10T16:29:29.599781" level="INFO">Slept 1 second.</msg>
<arg>1s</arg>
<doc>Pauses the test executed for the given time.</doc>
<status status="PASS" start="2024-06-10T16:29:28.599070" elapsed="1.000711"/>
</kw>
<kw name="Wait Until Element Is Visible" owner="SeleniumLibrary">
<arg>${regTwoBtnActived}</arg>
<arg>3s</arg>
<doc>Waits until the element ``locator`` is visible.</doc>
<status status="PASS" start="2024-06-10T16:29:29.599781" elapsed="0.027312"/>
</kw>
<kw name="Click Element" owner="SeleniumLibrary">
<msg time="2024-06-10T16:29:29.628095" level="INFO">Clicking element '//*[@class='ant-pagination-item ant-pagination-item-1']'.</msg>
<arg>${regOneButtonPage}</arg>
<doc>Click the element identified by ``locator``.</doc>
<status status="PASS" start="2024-06-10T16:29:29.628095" elapsed="0.056748"/>
</kw>
<kw name="Sleep" owner="BuiltIn">
<msg time="2024-06-10T16:29:30.685341" level="INFO">Slept 1 second.</msg>
<arg>1s</arg>
<doc>Pauses the test executed for the given time.</doc>
<status status="PASS" start="2024-06-10T16:29:29.684843" elapsed="1.000498"/>
</kw>
<kw name="Wait Until Element Is Visible" owner="SeleniumLibrary">
<arg>${regOneBtnActived}</arg>
<arg>3s</arg>
<doc>Waits until the element ``locator`` is visible.</doc>
<status status="PASS" start="2024-06-10T16:29:30.685865" elapsed="0.021342"/>
</kw>
<kw name="Close Browser" owner="SeleniumLibrary">
<doc>Closes the current browser.</doc>
<status status="PASS" start="2024-06-10T16:29:30.707207" elapsed="2.237169"/>
</kw>
<status status="PASS" start="2024-06-10T16:29:27.750901" elapsed="5.193475"/>
</kw>
<doc>As a user able to click one button to prev page</doc>
<tag>Registration</tag>
<status status="PASS" start="2024-06-10T16:29:13.983078" elapsed="18.962939"/>
</test>
<status status="PASS" start="2024-06-10T16:29:13.849508" elapsed="19.096509"/>
</suite>
<status status="PASS" start="2024-06-10T16:29:13.847485" elapsed="19.098532"/>
</suite>
<status status="PASS" start="2024-06-10T16:29:13.841636" elapsed="19.104381"/>
</suite>
<status status="PASS" start="2024-06-10T16:29:13.841636" elapsed="19.115078"/>
</suite>
<status status="PASS" start="2024-06-10T16:29:13.838943" elapsed="19.120144"/>
</suite>
<status status="PASS" start="2024-06-10T16:29:13.836923" elapsed="19.123677"/>
</suite>
<status status="PASS" start="2024-06-10T16:29:13.832275" elapsed="19.130703"/>
</suite>
<status status="PASS" start="2024-06-10T16:29:13.831289" elapsed="19.133330"/>
</suite>
<status status="PASS" start="2024-06-10T16:29:13.817357" elapsed="19.148902"/>
</suite>
<statistics>
<total>
<stat pass="1" fail="0" skip="0">All Tests</stat>
</total>
<tag>
<stat pass="1" fail="0" skip="0">Registration</stat>
</tag>
<suite>
<stat pass="1" fail="0" skip="0" id="s1" name="J-Mavs">J-Mavs</stat>
<stat pass="1" fail="0" skip="0" id="s1-s1" name="Asset Management">J-Mavs.Asset Management</stat>
<stat pass="1" fail="0" skip="0" id="s1-s1-s1" name="Src">J-Mavs.Asset Management.Src</stat>
<stat pass="1" fail="0" skip="0" id="s1-s1-s1-s1" name="Tests">J-Mavs.Asset Management.Src.Tests</stat>
<stat pass="1" fail="0" skip="0" id="s1-s1-s1-s1-s1" name="Ui">J-Mavs.Asset Management.Src.Tests.Ui</stat>
<stat pass="1" fail="0" skip="0" id="s1-s1-s1-s1-s1-s1" name="Web">J-Mavs.Asset Management.Src.Tests.Ui.Web</stat>
<stat pass="1" fail="0" skip="0" id="s1-s1-s1-s1-s1-s1-s1" name="Feature">J-Mavs.Asset Management.Src.Tests.Ui.Web.Feature</stat>
<stat pass="1" fail="0" skip="0" id="s1-s1-s1-s1-s1-s1-s1-s1" name="Registration Asset">J-Mavs.Asset Management.Src.Tests.Ui.Web.Feature.Registration Asset</stat>
<stat pass="1" fail="0" skip="0" id="s1-s1-s1-s1-s1-s1-s1-s1-s1" name="TestRegistrationAsset">J-Mavs.Asset Management.Src.Tests.Ui.Web.Feature.Registration Asset.TestRegistrationAsset</stat>
</suite>
</statistics>
<errors>
</errors>
</robot>
